[debug] [2017-09-12T22:46:43.373Z] ----------------------------------------------------------------------
[debug] [2017-09-12T22:46:43.378Z] Command:       /usr/local/Cellar/node/8.1.2/bin/node /usr/local/bin/firebase serve
[debug] [2017-09-12T22:46:43.379Z] CLI Version:   3.10.1
[debug] [2017-09-12T22:46:43.379Z] Platform:      darwin
[debug] [2017-09-12T22:46:43.379Z] Node Version:  v8.1.2
[debug] [2017-09-12T22:46:43.380Z] Time:          Tue Sep 12 2017 16:46:43 GMT-0600 (MDT)
[debug] [2017-09-12T22:46:43.380Z] ----------------------------------------------------------------------
[debug] 
[debug] [2017-09-12T22:46:43.459Z] > command requires scopes: ["email","openid","https://www.googleapis.com/auth/cloudplatformprojects.readonly","https://www.googleapis.com/auth/firebase","https://www.googleapis.com/auth/cloud-platform"]
[debug] [2017-09-12T22:46:43.459Z] > authorizing via signed-in user
[debug] [2017-09-12T22:46:43.463Z] > refreshing access token with scopes: ["email","https://www.googleapis.com/auth/cloud-platform","https://www.googleapis.com/auth/cloudplatformprojects.readonly","https://www.googleapis.com/auth/firebase","openid"]
[debug] [2017-09-12T22:46:43.463Z] >>> HTTP REQUEST POST https://www.googleapis.com/oauth2/v3/token { refresh_token: '1/9r7A9FS0hgooUnXIz93GiJDVK_wIYe1YMjpnQlOwfdY',
  client_id: '563584335869-fgrhgmd47bqnekij5i8b5pr03ho849e6.apps.googleusercontent.com',
  client_secret: 'j9iVZfS8kkCEFUPaAeJV0sAi',
  grant_type: 'refresh_token',
  scope: 'email https://www.googleapis.com/auth/cloud-platform https://www.googleapis.com/auth/cloudplatformprojects.readonly https://www.googleapis.com/auth/firebase openid' } 
 Tue Sep 12 2017 16:46:43 GMT-0600 (MDT)
[debug] [2017-09-12T22:46:43.779Z] <<< HTTP RESPONSE 200
[debug] [2017-09-12T22:46:43.821Z] >>> HTTP REQUEST GET https://admin.firebase.com/v1/projects/what-the-blush  
 Tue Sep 12 2017 16:46:43 GMT-0600 (MDT)
[debug] [2017-09-12T22:46:44.091Z] <<< HTTP RESPONSE 200
[debug] [2017-09-12T22:46:44.093Z] >>> HTTP REQUEST GET https://admin.firebase.com/v1/database/what-the-blush/tokens  
 Tue Sep 12 2017 16:46:44 GMT-0600 (MDT)
[debug] [2017-09-12T22:46:45.854Z] <<< HTTP RESPONSE 200
[info] 
[info] === Serving from '/Users/roxannnlopez/Documents/makeupProject/client'...
[info] 
[debug] [2017-09-12T22:46:45.859Z] >>> HTTP REQUEST GET https://cloudresourcemanager.googleapis.com/v1/projects/what-the-blush  
 Tue Sep 12 2017 16:46:45 GMT-0600 (MDT)
[debug] [2017-09-12T22:46:46.194Z] <<< HTTP RESPONSE 200
[debug] [2017-09-12T22:46:46.194Z] >>> HTTP REQUEST GET https://mobilesdk-pa.googleapis.com/v1/projects/659336783820/clients/_:getWebAppConfig  
 Tue Sep 12 2017 16:46:46 GMT-0600 (MDT)
[debug] [2017-09-12T22:46:46.489Z] <<< HTTP RESPONSE 200
[debug] [2017-09-12T22:46:46.797Z] TypeError: Cannot read property 'public' of undefined
    at Server.<anonymous> (/usr/local/lib/node_modules/firebase-tools/lib/serve/hosting.js:34:17)
    at Object.onceWrapper (events.js:314:30)
    at emitNone (events.js:105:13)
    at Server.emit (events.js:207:7)
    at emitListeningNT (net.js:1334:10)
    at _combinedTickCallback (internal/process/next_tick.js:99:11)
    at process._tickCallback (internal/process/next_tick.js:161:9)
[error] 
[error] Error: An unexpected error has occurred.
