[debug] [2017-09-15T20:22:07.854Z] ----------------------------------------------------------------------
[debug] [2017-09-15T20:22:07.859Z] Command:       /usr/local/Cellar/node/8.1.2/bin/node /usr/local/bin/firebase serve
[debug] [2017-09-15T20:22:07.860Z] CLI Version:   3.10.1
[debug] [2017-09-15T20:22:07.860Z] Platform:      darwin
[debug] [2017-09-15T20:22:07.860Z] Node Version:  v8.1.2
[debug] [2017-09-15T20:22:07.861Z] Time:          Fri Sep 15 2017 14:22:07 GMT-0600 (MDT)
[debug] [2017-09-15T20:22:07.861Z] ----------------------------------------------------------------------
[debug] 
[debug] [2017-09-15T20:22:07.942Z] > command requires scopes: ["email","openid","https://www.googleapis.com/auth/cloudplatformprojects.readonly","https://www.googleapis.com/auth/firebase","https://www.googleapis.com/auth/cloud-platform"]
[debug] [2017-09-15T20:22:07.942Z] > authorizing via signed-in user
[debug] [2017-09-15T20:22:07.945Z] >>> HTTP REQUEST GET https://admin.firebase.com/v1/projects/what-the-blush  
 Fri Sep 15 2017 14:22:07 GMT-0600 (MDT)
[debug] [2017-09-15T20:22:08.414Z] <<< HTTP RESPONSE 200
[debug] [2017-09-15T20:22:08.415Z] >>> HTTP REQUEST GET https://admin.firebase.com/v1/database/what-the-blush/tokens  
 Fri Sep 15 2017 14:22:08 GMT-0600 (MDT)
[debug] [2017-09-15T20:22:08.753Z] <<< HTTP RESPONSE 200
[info] 
[info] === Serving from '/Users/roxannnlopez/Documents/makeupProject'...
[info] 
[debug] [2017-09-15T20:22:08.757Z] >>> HTTP REQUEST GET https://cloudresourcemanager.googleapis.com/v1/projects/what-the-blush  
 Fri Sep 15 2017 14:22:08 GMT-0600 (MDT)
[debug] [2017-09-15T20:22:09.090Z] <<< HTTP RESPONSE 200
[debug] [2017-09-15T20:22:09.091Z] >>> HTTP REQUEST GET https://mobilesdk-pa.googleapis.com/v1/projects/659336783820/clients/_:getWebAppConfig  
 Fri Sep 15 2017 14:22:09 GMT-0600 (MDT)
[debug] [2017-09-15T20:22:09.524Z] <<< HTTP RESPONSE 200
[info] i  hosting: Serving hosting files from: Y
[info] ✔  hosting: Local server: http://localhost:5000

